{"D:\\AndroidProjetos\\CompassoFlix\\src\\components\\HeaderDetails\\index.js": {"path":"D:\\AndroidProjetos\\CompassoFlix\\src\\components\\HeaderDetails\\index.js","statementMap":{"0":{"start":{"line":16,"column":16},"end":{"line":16,"column":41}},"1":{"start":{"line":32,"column":28},"end":{"line":32,"column":40}},"2":{"start":{"line":33,"column":40},"end":{"line":33,"column":55}},"3":{"start":{"line":34,"column":28},"end":{"line":34,"column":62}},"4":{"start":{"line":34,"column":48},"end":{"line":34,"column":54}},"5":{"start":{"line":35,"column":54},"end":{"line":35,"column":69}},"6":{"start":{"line":36,"column":42},"end":{"line":39,"column":3}},"7":{"start":{"line":37,"column":20},"end":{"line":37,"column":33}},"8":{"start":{"line":40,"column":27},"end":{"line":40,"column":42}},"9":{"start":{"line":41,"column":52},"end":{"line":41,"column":67}},"10":{"start":{"line":43,"column":20},"end":{"line":48,"column":3}},"11":{"start":{"line":44,"column":4},"end":{"line":47,"column":42}},"12":{"start":{"line":46,"column":19},"end":{"line":46,"column":38}},"13":{"start":{"line":47,"column":22},"end":{"line":47,"column":40}},"14":{"start":{"line":51,"column":4},"end":{"line":51,"column":16}},"15":{"start":{"line":52,"column":4},"end":{"line":52,"column":47}},"16":{"start":{"line":55,"column":2},"end":{"line":59,"column":9}},"17":{"start":{"line":56,"column":4},"end":{"line":56,"column":16}},"18":{"start":{"line":57,"column":4},"end":{"line":57,"column":23}},"19":{"start":{"line":58,"column":4},"end":{"line":58,"column":38}},"20":{"start":{"line":61,"column":23},"end":{"line":63,"column":3}},"21":{"start":{"line":62,"column":4},"end":{"line":62,"column":55}},"22":{"start":{"line":62,"column":30},"end":{"line":62,"column":53}},"23":{"start":{"line":65,"column":2},"end":{"line":70,"column":14}},"24":{"start":{"line":66,"column":4},"end":{"line":69,"column":5}},"25":{"start":{"line":67,"column":6},"end":{"line":67,"column":27}},"26":{"start":{"line":68,"column":6},"end":{"line":68,"column":52}},"27":{"start":{"line":68,"column":23},"end":{"line":68,"column":44}},"28":{"start":{"line":72,"column":2},"end":{"line":219,"column":4}},"29":{"start":{"line":110,"column":25},"end":{"line":110,"column":52}},"30":{"start":{"line":124,"column":36},"end":{"line":124,"column":43}},"31":{"start":{"line":127,"column":30},"end":{"line":127,"column":37}},"32":{"start":{"line":199,"column":84},"end":{"line":199,"column":97}}},"fnMap":{"0":{"name":"(anonymous_0)","decl":{"start":{"line":18,"column":31},"end":{"line":18,"column":32}},"loc":{"start":{"line":31,"column":6},"end":{"line":220,"column":1}},"line":31},"1":{"name":"(anonymous_1)","decl":{"start":{"line":34,"column":39},"end":{"line":34,"column":40}},"loc":{"start":{"line":34,"column":48},"end":{"line":34,"column":54}},"line":34},"2":{"name":"(anonymous_2)","decl":{"start":{"line":37,"column":4},"end":{"line":37,"column":5}},"loc":{"start":{"line":37,"column":20},"end":{"line":37,"column":33}},"line":37},"3":{"name":"(anonymous_3)","decl":{"start":{"line":43,"column":20},"end":{"line":43,"column":21}},"loc":{"start":{"line":43,"column":32},"end":{"line":48,"column":3}},"line":43},"4":{"name":"(anonymous_4)","decl":{"start":{"line":46,"column":12},"end":{"line":46,"column":13}},"loc":{"start":{"line":46,"column":19},"end":{"line":46,"column":38}},"line":46},"5":{"name":"(anonymous_5)","decl":{"start":{"line":47,"column":13},"end":{"line":47,"column":14}},"loc":{"start":{"line":47,"column":22},"end":{"line":47,"column":40}},"line":47},"6":{"name":"after","decl":{"start":{"line":50,"column":11},"end":{"line":50,"column":16}},"loc":{"start":{"line":50,"column":19},"end":{"line":53,"column":3}},"line":50},"7":{"name":"(anonymous_7)","decl":{"start":{"line":55,"column":12},"end":{"line":55,"column":13}},"loc":{"start":{"line":55,"column":18},"end":{"line":59,"column":3}},"line":55},"8":{"name":"(anonymous_8)","decl":{"start":{"line":61,"column":23},"end":{"line":61,"column":24}},"loc":{"start":{"line":61,"column":32},"end":{"line":63,"column":3}},"line":61},"9":{"name":"(anonymous_9)","decl":{"start":{"line":62,"column":23},"end":{"line":62,"column":24}},"loc":{"start":{"line":62,"column":30},"end":{"line":62,"column":53}},"line":62},"10":{"name":"(anonymous_10)","decl":{"start":{"line":65,"column":12},"end":{"line":65,"column":13}},"loc":{"start":{"line":65,"column":18},"end":{"line":70,"column":3}},"line":65},"11":{"name":"(anonymous_11)","decl":{"start":{"line":68,"column":17},"end":{"line":68,"column":18}},"loc":{"start":{"line":68,"column":23},"end":{"line":68,"column":44}},"line":68},"12":{"name":"(anonymous_12)","decl":{"start":{"line":110,"column":19},"end":{"line":110,"column":20}},"loc":{"start":{"line":110,"column":25},"end":{"line":110,"column":52}},"line":110},"13":{"name":"(anonymous_13)","decl":{"start":{"line":124,"column":30},"end":{"line":124,"column":31}},"loc":{"start":{"line":124,"column":36},"end":{"line":124,"column":43}},"line":124},"14":{"name":"(anonymous_14)","decl":{"start":{"line":127,"column":24},"end":{"line":127,"column":25}},"loc":{"start":{"line":127,"column":30},"end":{"line":127,"column":37}},"line":127},"15":{"name":"(anonymous_15)","decl":{"start":{"line":130,"column":27},"end":{"line":130,"column":28}},"loc":{"start":{"line":130,"column":33},"end":{"line":130,"column":35}},"line":130},"16":{"name":"(anonymous_16)","decl":{"start":{"line":199,"column":78},"end":{"line":199,"column":79}},"loc":{"start":{"line":199,"column":84},"end":{"line":199,"column":97}},"line":199}},"branchMap":{"0":{"loc":{"start":{"line":45,"column":15},"end":{"line":45,"column":39}},"type":"cond-expr","locations":[{"start":{"line":45,"column":25},"end":{"line":45,"column":29}},{"start":{"line":45,"column":32},"end":{"line":45,"column":39}}],"line":45},"1":{"loc":{"start":{"line":66,"column":4},"end":{"line":69,"column":5}},"type":"if","locations":[{"start":{"line":66,"column":4},"end":{"line":69,"column":5}},{"start":{},"end":{}}],"line":66},"2":{"loc":{"start":{"line":74,"column":7},"end":{"line":81,"column":7}},"type":"binary-expr","locations":[{"start":{"line":74,"column":7},"end":{"line":74,"column":21}},{"start":{"line":75,"column":8},"end":{"line":80,"column":10}}],"line":74},"3":{"loc":{"start":{"line":108,"column":17},"end":{"line":108,"column":79}},"type":"cond-expr","locations":[{"start":{"line":108,"column":32},"end":{"line":108,"column":57}},{"start":{"line":108,"column":60},"end":{"line":108,"column":79}}],"line":108},"4":{"loc":{"start":{"line":112,"column":13},"end":{"line":118,"column":30}},"type":"cond-expr","locations":[{"start":{"line":113,"column":16},"end":{"line":117,"column":21}},{"start":{"line":118,"column":16},"end":{"line":118,"column":30}}],"line":112},"5":{"loc":{"start":{"line":114,"column":18},"end":{"line":116,"column":56}},"type":"cond-expr","locations":[{"start":{"line":115,"column":22},"end":{"line":115,"column":43}},{"start":{"line":116,"column":22},"end":{"line":116,"column":56}}],"line":114},"6":{"loc":{"start":{"line":120,"column":11},"end":{"line":133,"column":18}},"type":"cond-expr","locations":[{"start":{"line":121,"column":12},"end":{"line":132,"column":20}},{"start":{"line":133,"column":14},"end":{"line":133,"column":18}}],"line":120},"7":{"loc":{"start":{"line":128,"column":25},"end":{"line":128,"column":47}},"type":"cond-expr","locations":[{"start":{"line":128,"column":35},"end":{"line":128,"column":40}},{"start":{"line":128,"column":43},"end":{"line":128,"column":47}}],"line":128},"8":{"loc":{"start":{"line":129,"column":29},"end":{"line":129,"column":53}},"type":"cond-expr","locations":[{"start":{"line":129,"column":39},"end":{"line":129,"column":43}},{"start":{"line":129,"column":46},"end":{"line":129,"column":53}}],"line":129},"9":{"loc":{"start":{"line":144,"column":15},"end":{"line":151,"column":15}},"type":"binary-expr","locations":[{"start":{"line":144,"column":15},"end":{"line":144,"column":26}},{"start":{"line":145,"column":16},"end":{"line":150,"column":23}}],"line":144},"10":{"loc":{"start":{"line":153,"column":15},"end":{"line":158,"column":15}},"type":"binary-expr","locations":[{"start":{"line":153,"column":15},"end":{"line":153,"column":20}},{"start":{"line":154,"column":16},"end":{"line":157,"column":23}}],"line":153},"11":{"loc":{"start":{"line":164,"column":17},"end":{"line":170,"column":47}},"type":"cond-expr","locations":[{"start":{"line":165,"column":20},"end":{"line":167,"column":49}},{"start":{"line":168,"column":20},"end":{"line":170,"column":47}}],"line":164},"12":{"loc":{"start":{"line":165,"column":20},"end":{"line":167,"column":49}},"type":"cond-expr","locations":[{"start":{"line":166,"column":22},"end":{"line":166,"column":27}},{"start":{"line":167,"column":22},"end":{"line":167,"column":49}}],"line":165},"13":{"loc":{"start":{"line":168,"column":20},"end":{"line":170,"column":47}},"type":"cond-expr","locations":[{"start":{"line":169,"column":20},"end":{"line":169,"column":25}},{"start":{"line":170,"column":20},"end":{"line":170,"column":47}}],"line":168},"14":{"loc":{"start":{"line":178,"column":13},"end":{"line":182,"column":13}},"type":"binary-expr","locations":[{"start":{"line":178,"column":13},"end":{"line":178,"column":21}},{"start":{"line":179,"column":14},"end":{"line":181,"column":28}}],"line":178},"15":{"loc":{"start":{"line":188,"column":15},"end":{"line":190,"column":65}},"type":"cond-expr","locations":[{"start":{"line":189,"column":18},"end":{"line":189,"column":51}},{"start":{"line":190,"column":18},"end":{"line":190,"column":65}}],"line":188},"16":{"loc":{"start":{"line":189,"column":18},"end":{"line":189,"column":51}},"type":"binary-expr","locations":[{"start":{"line":189,"column":18},"end":{"line":189,"column":32}},{"start":{"line":189,"column":36},"end":{"line":189,"column":51}}],"line":189},"17":{"loc":{"start":{"line":190,"column":18},"end":{"line":190,"column":65}},"type":"binary-expr","locations":[{"start":{"line":190,"column":18},"end":{"line":190,"column":46}},{"start":{"line":190,"column":50},"end":{"line":190,"column":65}}],"line":190},"18":{"loc":{"start":{"line":197,"column":13},"end":{"line":205,"column":41}},"type":"cond-expr","locations":[{"start":{"line":197,"column":23},"end":{"line":197,"column":28}},{"start":{"line":198,"column":18},"end":{"line":205,"column":41}}],"line":197}},"s":{"0":1,"1":17,"2":17,"3":17,"4":1,"5":17,"6":17,"7":2,"8":17,"9":17,"10":17,"11":14,"12":0,"13":0,"14":0,"15":0,"16":17,"17":14,"18":14,"19":14,"20":17,"21":15,"22":1,"23":17,"24":14,"25":0,"26":0,"27":0,"28":17,"29":0,"30":0,"31":0,"32":0},"f":{"0":17,"1":1,"2":2,"3":14,"4":0,"5":0,"6":0,"7":14,"8":15,"9":1,"10":14,"11":0,"12":0,"13":0,"14":0,"15":0,"16":0},"b":{"0":[2,12],"1":[0,14],"2":[17,2],"3":[0,17],"4":[0,17],"5":[0,0],"6":[0,17],"7":[0,0],"8":[0,0],"9":[17,0],"10":[17,1],"11":[2,15],"12":[0,2],"13":[3,12],"14":[17,15],"15":[2,15],"16":[2,1],"17":[15,14],"18":[2,15]},"_coverageSchema":"1a1c01bbd47fc00a2c39e90264f33305004495a9","hash":"57cc0adf963a04a8d014aa77df584f74738074b7"}
,"D:\\AndroidProjetos\\CompassoFlix\\src\\components\\HeaderDetails\\style.js": {"path":"D:\\AndroidProjetos\\CompassoFlix\\src\\components\\HeaderDetails\\style.js","statementMap":{"0":{"start":{"line":3,"column":14},"end":{"line":3,"column":44}},"1":{"start":{"line":4,"column":15},"end":{"line":4,"column":46}},"2":{"start":{"line":7,"column":2},"end":{"line":7,"column":32}},"3":{"start":{"line":10,"column":2},"end":{"line":10,"column":31}},"4":{"start":{"line":13,"column":36},"end":{"line":22,"column":1}},"5":{"start":{"line":24,"column":29},"end":{"line":29,"column":1}},"6":{"start":{"line":32,"column":15},"end":{"line":168,"column":2}}},"fnMap":{"0":{"name":"relativeHeight","decl":{"start":{"line":6,"column":9},"end":{"line":6,"column":23}},"loc":{"start":{"line":6,"column":31},"end":{"line":8,"column":1}},"line":6},"1":{"name":"relativeWidth","decl":{"start":{"line":9,"column":9},"end":{"line":9,"column":22}},"loc":{"start":{"line":9,"column":30},"end":{"line":11,"column":1}},"line":9}},"branchMap":{},"s":{"0":1,"1":1,"2":12,"3":14,"4":1,"5":1,"6":1},"f":{"0":12,"1":14},"b":{},"_coverageSchema":"1a1c01bbd47fc00a2c39e90264f33305004495a9","hash":"5ac3d9a439a3eff32d1f8c38113c02f05afcbffc"}
,"D:\\AndroidProjetos\\CompassoFlix\\src\\components\\HeaderDetails\\tansformInAround.js": {"path":"D:\\AndroidProjetos\\CompassoFlix\\src\\components\\HeaderDetails\\tansformInAround.js","statementMap":{"0":{"start":{"line":2,"column":24},"end":{"line":2,"column":43}},"1":{"start":{"line":3,"column":17},"end":{"line":3,"column":36}},"2":{"start":{"line":4,"column":4},"end":{"line":15,"column":5}},"3":{"start":{"line":5,"column":8},"end":{"line":5,"column":26}},"4":{"start":{"line":6,"column":11},"end":{"line":15,"column":5}},"5":{"start":{"line":7,"column":8},"end":{"line":7,"column":35}},"6":{"start":{"line":8,"column":8},"end":{"line":8,"column":118}},"7":{"start":{"line":9,"column":11},"end":{"line":15,"column":5}},"8":{"start":{"line":10,"column":8},"end":{"line":10,"column":82}},"9":{"start":{"line":11,"column":11},"end":{"line":15,"column":5}},"10":{"start":{"line":12,"column":8},"end":{"line":12,"column":86}},"11":{"start":{"line":14,"column":8},"end":{"line":14,"column":57}}},"fnMap":{"0":{"name":"transformInAround","decl":{"start":{"line":1,"column":24},"end":{"line":1,"column":41}},"loc":{"start":{"line":1,"column":50},"end":{"line":16,"column":1}},"line":1}},"branchMap":{"0":{"loc":{"start":{"line":4,"column":4},"end":{"line":15,"column":5}},"type":"if","locations":[{"start":{"line":4,"column":4},"end":{"line":15,"column":5}},{"start":{"line":6,"column":11},"end":{"line":15,"column":5}}],"line":4},"1":{"loc":{"start":{"line":6,"column":11},"end":{"line":15,"column":5}},"type":"if","locations":[{"start":{"line":6,"column":11},"end":{"line":15,"column":5}},{"start":{"line":9,"column":11},"end":{"line":15,"column":5}}],"line":6},"2":{"loc":{"start":{"line":8,"column":18},"end":{"line":8,"column":115}},"type":"cond-expr","locations":[{"start":{"line":8,"column":34},"end":{"line":8,"column":94}},{"start":{"line":8,"column":97},"end":{"line":8,"column":115}}],"line":8},"3":{"loc":{"start":{"line":9,"column":11},"end":{"line":15,"column":5}},"type":"if","locations":[{"start":{"line":9,"column":11},"end":{"line":15,"column":5}},{"start":{"line":11,"column":11},"end":{"line":15,"column":5}}],"line":9},"4":{"loc":{"start":{"line":10,"column":50},"end":{"line":10,"column":78}},"type":"cond-expr","locations":[{"start":{"line":10,"column":73},"end":{"line":10,"column":74}},{"start":{"line":10,"column":77},"end":{"line":10,"column":78}}],"line":10},"5":{"loc":{"start":{"line":11,"column":11},"end":{"line":15,"column":5}},"type":"if","locations":[{"start":{"line":11,"column":11},"end":{"line":15,"column":5}},{"start":{"line":13,"column":11},"end":{"line":15,"column":5}}],"line":11},"6":{"loc":{"start":{"line":12,"column":51},"end":{"line":12,"column":81}},"type":"cond-expr","locations":[{"start":{"line":12,"column":76},"end":{"line":12,"column":77}},{"start":{"line":12,"column":80},"end":{"line":12,"column":81}}],"line":12}},"s":{"0":17,"1":17,"2":17,"3":0,"4":17,"5":1,"6":1,"7":16,"8":0,"9":16,"10":0,"11":16},"f":{"0":17},"b":{"0":[0,17],"1":[1,16],"2":[1,0],"3":[0,16],"4":[0,0],"5":[0,16],"6":[0,0]},"_coverageSchema":"1a1c01bbd47fc00a2c39e90264f33305004495a9","hash":"88ca09ebdce400dc66ff0ce28ffea2056a602ce7"}
,"D:\\AndroidProjetos\\CompassoFlix\\src\\components\\HeaderDetails\\ImgWindow\\index.js": {"path":"D:\\AndroidProjetos\\CompassoFlix\\src\\components\\HeaderDetails\\ImgWindow\\index.js","statementMap":{"0":{"start":{"line":7,"column":16},"end":{"line":7,"column":41}},"1":{"start":{"line":10,"column":2},"end":{"line":30,"column":4}}},"fnMap":{"0":{"name":"ImgWindow","decl":{"start":{"line":9,"column":24},"end":{"line":9,"column":33}},"loc":{"start":{"line":9,"column":61},"end":{"line":31,"column":1}},"line":9}},"branchMap":{},"s":{"0":1,"1":2},"f":{"0":2},"b":{},"_coverageSchema":"1a1c01bbd47fc00a2c39e90264f33305004495a9","hash":"272625ac7cae632a87dd65485de8968f84482eb7"}
,"D:\\AndroidProjetos\\CompassoFlix\\src\\components\\HeaderDetails\\ImgWindow\\style.js": {"path":"D:\\AndroidProjetos\\CompassoFlix\\src\\components\\HeaderDetails\\ImgWindow\\style.js","statementMap":{"0":{"start":{"line":3,"column":15},"end":{"line":28,"column":2}}},"fnMap":{},"branchMap":{},"s":{"0":1},"f":{},"b":{},"_coverageSchema":"1a1c01bbd47fc00a2c39e90264f33305004495a9","hash":"09d2de68e9cddf5000933a66e4a482f66449cedb"}
,"D:\\AndroidProjetos\\CompassoFlix\\src\\components\\HeaderDetails\\Modal's\\ModalConfirmedAdd\\index.js": {"path":"D:\\AndroidProjetos\\CompassoFlix\\src\\components\\HeaderDetails\\Modal's\\ModalConfirmedAdd\\index.js","statementMap":{"0":{"start":{"line":8,"column":2},"end":{"line":25,"column":4}},"1":{"start":{"line":13,"column":27},"end":{"line":13,"column":70}},"2":{"start":{"line":18,"column":67},"end":{"line":18,"column":110}}},"fnMap":{"0":{"name":"ModalConfirmedAdd","decl":{"start":{"line":7,"column":24},"end":{"line":7,"column":41}},"loc":{"start":{"line":7,"column":94},"end":{"line":26,"column":1}},"line":7},"1":{"name":"(anonymous_1)","decl":{"start":{"line":13,"column":20},"end":{"line":13,"column":21}},"loc":{"start":{"line":13,"column":26},"end":{"line":13,"column":71}},"line":13},"2":{"name":"(anonymous_2)","decl":{"start":{"line":18,"column":60},"end":{"line":18,"column":61}},"loc":{"start":{"line":18,"column":66},"end":{"line":18,"column":111}},"line":18}},"branchMap":{},"s":{"0":17,"1":0,"2":0},"f":{"0":17,"1":0,"2":0},"b":{},"_coverageSchema":"1a1c01bbd47fc00a2c39e90264f33305004495a9","hash":"b0945bf9a8a141987afafd695a663fe7ddb4ebd3"}
,"D:\\AndroidProjetos\\CompassoFlix\\src\\components\\HeaderDetails\\Modal's\\ModalConfirmedAdd\\style.js": {"path":"D:\\AndroidProjetos\\CompassoFlix\\src\\components\\HeaderDetails\\Modal's\\ModalConfirmedAdd\\style.js","statementMap":{"0":{"start":{"line":3,"column":25},"end":{"line":11,"column":1}},"1":{"start":{"line":13,"column":33},"end":{"line":20,"column":1}}},"fnMap":{},"branchMap":{},"s":{"0":1,"1":1},"f":{},"b":{},"_coverageSchema":"1a1c01bbd47fc00a2c39e90264f33305004495a9","hash":"8c705aca297b694c929993a456167a1a14df0072"}
,"D:\\AndroidProjetos\\CompassoFlix\\src\\components\\HeaderDetails\\Modal's\\ModalList\\index.js": {"path":"D:\\AndroidProjetos\\CompassoFlix\\src\\components\\HeaderDetails\\Modal's\\ModalList\\index.js","statementMap":{"0":{"start":{"line":12,"column":32},"end":{"line":12,"column":42}},"1":{"start":{"line":13,"column":28},"end":{"line":13,"column":38}},"2":{"start":{"line":14,"column":30},"end":{"line":14,"column":45}},"3":{"start":{"line":15,"column":32},"end":{"line":15,"column":42}},"4":{"start":{"line":16,"column":40},"end":{"line":16,"column":50}},"5":{"start":{"line":17,"column":32},"end":{"line":17,"column":42}},"6":{"start":{"line":19,"column":23},"end":{"line":28,"column":7}},"7":{"start":{"line":20,"column":8},"end":{"line":27,"column":9}},"8":{"start":{"line":21,"column":24},"end":{"line":21,"column":63}},"9":{"start":{"line":22,"column":10},"end":{"line":24,"column":11}},"10":{"start":{"line":23,"column":12},"end":{"line":23,"column":27}},"11":{"start":{"line":26,"column":10},"end":{"line":26,"column":45}},"12":{"start":{"line":30,"column":22},"end":{"line":37,"column":7}},"13":{"start":{"line":31,"column":20},"end":{"line":31,"column":70}},"14":{"start":{"line":32,"column":8},"end":{"line":36,"column":9}},"15":{"start":{"line":33,"column":10},"end":{"line":33,"column":34}},"16":{"start":{"line":35,"column":10},"end":{"line":35,"column":45}},"17":{"start":{"line":39,"column":22},"end":{"line":48,"column":7}},"18":{"start":{"line":40,"column":8},"end":{"line":47,"column":12}},"19":{"start":{"line":43,"column":12},"end":{"line":43,"column":39}},"20":{"start":{"line":46,"column":12},"end":{"line":46,"column":34}},"21":{"start":{"line":50,"column":23},"end":{"line":55,"column":5}},"22":{"start":{"line":51,"column":8},"end":{"line":54,"column":53}},"23":{"start":{"line":54,"column":22},"end":{"line":54,"column":52}},"24":{"start":{"line":57,"column":6},"end":{"line":60,"column":13}},"25":{"start":{"line":58,"column":8},"end":{"line":58,"column":18}},"26":{"start":{"line":59,"column":8},"end":{"line":59,"column":21}},"27":{"start":{"line":63,"column":8},"end":{"line":69,"column":9}},"28":{"start":{"line":64,"column":10},"end":{"line":64,"column":82}},"29":{"start":{"line":64,"column":55},"end":{"line":64,"column":75}},"30":{"start":{"line":65,"column":14},"end":{"line":69,"column":9}},"31":{"start":{"line":68,"column":10},"end":{"line":68,"column":28}},"32":{"start":{"line":72,"column":28},"end":{"line":81,"column":7}},"33":{"start":{"line":73,"column":8},"end":{"line":80,"column":10}},"34":{"start":{"line":76,"column":10},"end":{"line":76,"column":43}},"35":{"start":{"line":79,"column":10},"end":{"line":79,"column":32}},"36":{"start":{"line":83,"column":6},"end":{"line":85,"column":9}},"37":{"start":{"line":84,"column":6},"end":{"line":84,"column":22}},"38":{"start":{"line":87,"column":2},"end":{"line":123,"column":4}},"39":{"start":{"line":92,"column":26},"end":{"line":92,"column":40}},"40":{"start":{"line":96,"column":40},"end":{"line":96,"column":54}},"41":{"start":{"line":102,"column":38},"end":{"line":102,"column":45}},"42":{"start":{"line":105,"column":22},"end":{"line":112,"column":27}},"43":{"start":{"line":108,"column":60},"end":{"line":108,"column":97}},"44":{"start":{"line":117,"column":40},"end":{"line":117,"column":52}}},"fnMap":{"0":{"name":"ModalLists","decl":{"start":{"line":10,"column":24},"end":{"line":10,"column":34}},"loc":{"start":{"line":10,"column":85},"end":{"line":124,"column":1}},"line":10},"1":{"name":"(anonymous_1)","decl":{"start":{"line":19,"column":23},"end":{"line":19,"column":24}},"loc":{"start":{"line":19,"column":35},"end":{"line":28,"column":7}},"line":19},"2":{"name":"(anonymous_2)","decl":{"start":{"line":30,"column":22},"end":{"line":30,"column":23}},"loc":{"start":{"line":30,"column":41},"end":{"line":37,"column":7}},"line":30},"3":{"name":"(anonymous_3)","decl":{"start":{"line":39,"column":22},"end":{"line":39,"column":23}},"loc":{"start":{"line":39,"column":34},"end":{"line":48,"column":7}},"line":39},"4":{"name":"(anonymous_4)","decl":{"start":{"line":42,"column":16},"end":{"line":42,"column":17}},"loc":{"start":{"line":42,"column":23},"end":{"line":44,"column":11}},"line":42},"5":{"name":"(anonymous_5)","decl":{"start":{"line":45,"column":17},"end":{"line":45,"column":18}},"loc":{"start":{"line":45,"column":24},"end":{"line":47,"column":11}},"line":45},"6":{"name":"(anonymous_6)","decl":{"start":{"line":50,"column":23},"end":{"line":50,"column":24}},"loc":{"start":{"line":50,"column":35},"end":{"line":55,"column":5}},"line":50},"7":{"name":"(anonymous_7)","decl":{"start":{"line":54,"column":15},"end":{"line":54,"column":16}},"loc":{"start":{"line":54,"column":22},"end":{"line":54,"column":52}},"line":54},"8":{"name":"(anonymous_8)","decl":{"start":{"line":57,"column":16},"end":{"line":57,"column":17}},"loc":{"start":{"line":57,"column":22},"end":{"line":60,"column":7}},"line":57},"9":{"name":"SelectList","decl":{"start":{"line":62,"column":15},"end":{"line":62,"column":25}},"loc":{"start":{"line":62,"column":27},"end":{"line":70,"column":7}},"line":62},"10":{"name":"(anonymous_10)","decl":{"start":{"line":64,"column":49},"end":{"line":64,"column":50}},"loc":{"start":{"line":64,"column":55},"end":{"line":64,"column":75}},"line":64},"11":{"name":"(anonymous_11)","decl":{"start":{"line":72,"column":28},"end":{"line":72,"column":29}},"loc":{"start":{"line":72,"column":40},"end":{"line":81,"column":7}},"line":72},"12":{"name":"(anonymous_12)","decl":{"start":{"line":75,"column":16},"end":{"line":75,"column":17}},"loc":{"start":{"line":75,"column":23},"end":{"line":77,"column":11}},"line":75},"13":{"name":"(anonymous_13)","decl":{"start":{"line":78,"column":17},"end":{"line":78,"column":18}},"loc":{"start":{"line":78,"column":24},"end":{"line":80,"column":9}},"line":78},"14":{"name":"(anonymous_14)","decl":{"start":{"line":83,"column":16},"end":{"line":83,"column":17}},"loc":{"start":{"line":83,"column":22},"end":{"line":85,"column":7}},"line":83},"15":{"name":"(anonymous_15)","decl":{"start":{"line":92,"column":20},"end":{"line":92,"column":21}},"loc":{"start":{"line":92,"column":26},"end":{"line":92,"column":40}},"line":92},"16":{"name":"(anonymous_16)","decl":{"start":{"line":96,"column":34},"end":{"line":96,"column":35}},"loc":{"start":{"line":96,"column":40},"end":{"line":96,"column":54}},"line":96},"17":{"name":"(anonymous_17)","decl":{"start":{"line":102,"column":30},"end":{"line":102,"column":31}},"loc":{"start":{"line":102,"column":38},"end":{"line":102,"column":45}},"line":102},"18":{"name":"(anonymous_18)","decl":{"start":{"line":104,"column":28},"end":{"line":104,"column":29}},"loc":{"start":{"line":105,"column":22},"end":{"line":112,"column":27}},"line":105},"19":{"name":"(anonymous_19)","decl":{"start":{"line":108,"column":53},"end":{"line":108,"column":54}},"loc":{"start":{"line":108,"column":59},"end":{"line":108,"column":98}},"line":108},"20":{"name":"(anonymous_20)","decl":{"start":{"line":117,"column":33},"end":{"line":117,"column":34}},"loc":{"start":{"line":117,"column":39},"end":{"line":117,"column":53}},"line":117}},"branchMap":{"0":{"loc":{"start":{"line":22,"column":10},"end":{"line":24,"column":11}},"type":"if","locations":[{"start":{"line":22,"column":10},"end":{"line":24,"column":11}},{"start":{},"end":{}}],"line":22},"1":{"loc":{"start":{"line":63,"column":8},"end":{"line":69,"column":9}},"type":"if","locations":[{"start":{"line":63,"column":8},"end":{"line":69,"column":9}},{"start":{"line":65,"column":14},"end":{"line":69,"column":9}}],"line":63},"2":{"loc":{"start":{"line":65,"column":14},"end":{"line":69,"column":9}},"type":"if","locations":[{"start":{"line":65,"column":14},"end":{"line":69,"column":9}},{"start":{"line":67,"column":13},"end":{"line":69,"column":9}}],"line":65},"3":{"loc":{"start":{"line":109,"column":29},"end":{"line":109,"column":146}},"type":"cond-expr","locations":[{"start":{"line":109,"column":49},"end":{"line":109,"column":138}},{"start":{"line":109,"column":141},"end":{"line":109,"column":146}}],"line":109},"4":{"loc":{"start":{"line":115,"column":13},"end":{"line":115,"column":139}},"type":"cond-expr","locations":[{"start":{"line":115,"column":26},"end":{"line":115,"column":131}},{"start":{"line":115,"column":134},"end":{"line":115,"column":139}}],"line":115},"5":{"loc":{"start":{"line":116,"column":13},"end":{"line":116,"column":176}},"type":"cond-expr","locations":[{"start":{"line":116,"column":22},"end":{"line":116,"column":168}},{"start":{"line":116,"column":171},"end":{"line":116,"column":176}}],"line":116}},"s":{"0":17,"1":17,"2":17,"3":17,"4":17,"5":17,"6":17,"7":14,"8":14,"9":14,"10":0,"11":0,"12":17,"13":0,"14":0,"15":0,"16":0,"17":17,"18":14,"19":0,"20":0,"21":17,"22":0,"23":0,"24":17,"25":14,"26":14,"27":0,"28":0,"29":0,"30":0,"31":0,"32":17,"33":17,"34":0,"35":0,"36":17,"37":17,"38":17,"39":0,"40":0,"41":0,"42":0,"43":0,"44":0},"f":{"0":17,"1":14,"2":0,"3":14,"4":0,"5":0,"6":0,"7":0,"8":14,"9":0,"10":0,"11":17,"12":0,"13":0,"14":17,"15":0,"16":0,"17":0,"18":0,"19":0,"20":0},"b":{"0":[0,14],"1":[0,0],"2":[0,0],"3":[0,0],"4":[0,17],"5":[0,17]},"_coverageSchema":"1a1c01bbd47fc00a2c39e90264f33305004495a9","hash":"825fd85c6f6247497bf580722ad835da3144278a"}
,"D:\\AndroidProjetos\\CompassoFlix\\src\\components\\HeaderDetails\\Modal's\\ModalList\\style.js": {"path":"D:\\AndroidProjetos\\CompassoFlix\\src\\components\\HeaderDetails\\Modal's\\ModalList\\style.js","statementMap":{"0":{"start":{"line":3,"column":20},"end":{"line":10,"column":1}},"1":{"start":{"line":12,"column":25},"end":{"line":19,"column":1}},"2":{"start":{"line":21,"column":34},"end":{"line":24,"column":1}},"3":{"start":{"line":26,"column":33},"end":{"line":29,"column":1}},"4":{"start":{"line":31,"column":27},"end":{"line":36,"column":1}},"5":{"start":{"line":38,"column":32},"end":{"line":47,"column":1}},"6":{"start":{"line":49,"column":26},"end":{"line":59,"column":1}},"7":{"start":{"line":61,"column":29},"end":{"line":66,"column":1}}},"fnMap":{},"branchMap":{},"s":{"0":1,"1":1,"2":1,"3":1,"4":1,"5":1,"6":1,"7":1},"f":{},"b":{},"_coverageSchema":"1a1c01bbd47fc00a2c39e90264f33305004495a9","hash":"d0bc4045d8a581f49578ccac37df566fbf363ad4"}
,"D:\\AndroidProjetos\\CompassoFlix\\src\\components\\ModalRating\\index.js": {"path":"D:\\AndroidProjetos\\CompassoFlix\\src\\components\\ModalRating\\index.js","statementMap":{"0":{"start":{"line":21,"column":30},"end":{"line":21,"column":42}},"1":{"start":{"line":22,"column":32},"end":{"line":22,"column":44}},"2":{"start":{"line":23,"column":30},"end":{"line":23,"column":42}},"3":{"start":{"line":24,"column":34},"end":{"line":24,"column":49}},"4":{"start":{"line":25,"column":42},"end":{"line":25,"column":54}},"5":{"start":{"line":26,"column":2},"end":{"line":28,"column":16}},"6":{"start":{"line":27,"column":4},"end":{"line":27,"column":21}},"7":{"start":{"line":30,"column":2},"end":{"line":49,"column":23}},"8":{"start":{"line":31,"column":4},"end":{"line":48,"column":5}},"9":{"start":{"line":33,"column":8},"end":{"line":33,"column":33}},"10":{"start":{"line":34,"column":8},"end":{"line":34,"column":58}},"11":{"start":{"line":35,"column":8},"end":{"line":35,"column":22}},"12":{"start":{"line":36,"column":8},"end":{"line":36,"column":14}},"13":{"start":{"line":38,"column":8},"end":{"line":38,"column":22}},"14":{"start":{"line":39,"column":8},"end":{"line":39,"column":61}},"15":{"start":{"line":40,"column":8},"end":{"line":40,"column":33}},"16":{"start":{"line":41,"column":8},"end":{"line":41,"column":14}},"17":{"start":{"line":43,"column":8},"end":{"line":43,"column":22}},"18":{"start":{"line":44,"column":8},"end":{"line":46,"column":10}},"19":{"start":{"line":47,"column":8},"end":{"line":47,"column":14}},"20":{"start":{"line":52,"column":16},"end":{"line":52,"column":37}},"21":{"start":{"line":53,"column":4},"end":{"line":57,"column":5}},"22":{"start":{"line":54,"column":6},"end":{"line":54,"column":18}},"23":{"start":{"line":56,"column":6},"end":{"line":56,"column":19}},"24":{"start":{"line":60,"column":2},"end":{"line":114,"column":15}},"25":{"start":{"line":61,"column":4},"end":{"line":63,"column":5}},"26":{"start":{"line":62,"column":6},"end":{"line":62,"column":19}},"27":{"start":{"line":64,"column":4},"end":{"line":84,"column":5}},"28":{"start":{"line":65,"column":6},"end":{"line":65,"column":20}},"29":{"start":{"line":66,"column":6},"end":{"line":66,"column":20}},"30":{"start":{"line":67,"column":6},"end":{"line":69,"column":8}},"31":{"start":{"line":70,"column":11},"end":{"line":84,"column":5}},"32":{"start":{"line":71,"column":6},"end":{"line":83,"column":7}},"33":{"start":{"line":72,"column":8},"end":{"line":72,"column":25}},"34":{"start":{"line":73,"column":8},"end":{"line":73,"column":80}},"35":{"start":{"line":74,"column":8},"end":{"line":74,"column":21}},"36":{"start":{"line":75,"column":13},"end":{"line":83,"column":7}},"37":{"start":{"line":81,"column":8},"end":{"line":81,"column":21}},"38":{"start":{"line":82,"column":8},"end":{"line":82,"column":34}},"39":{"start":{"line":85,"column":4},"end":{"line":94,"column":5}},"40":{"start":{"line":86,"column":6},"end":{"line":88,"column":7}},"41":{"start":{"line":87,"column":8},"end":{"line":87,"column":46}},"42":{"start":{"line":89,"column":6},"end":{"line":91,"column":7}},"43":{"start":{"line":90,"column":8},"end":{"line":90,"column":51}},"44":{"start":{"line":92,"column":6},"end":{"line":92,"column":19}},"45":{"start":{"line":93,"column":6},"end":{"line":93,"column":78}},"46":{"start":{"line":96,"column":4},"end":{"line":99,"column":5}},"47":{"start":{"line":97,"column":6},"end":{"line":97,"column":19}},"48":{"start":{"line":98,"column":6},"end":{"line":98,"column":23}},"49":{"start":{"line":101,"column":4},"end":{"line":107,"column":5}},"50":{"start":{"line":102,"column":6},"end":{"line":102,"column":20}},"51":{"start":{"line":103,"column":6},"end":{"line":103,"column":20}},"52":{"start":{"line":104,"column":6},"end":{"line":106,"column":8}},"53":{"start":{"line":109,"column":4},"end":{"line":113,"column":5}},"54":{"start":{"line":110,"column":6},"end":{"line":110,"column":22}},"55":{"start":{"line":111,"column":6},"end":{"line":111,"column":19}},"56":{"start":{"line":112,"column":6},"end":{"line":112,"column":61}},"57":{"start":{"line":117,"column":4},"end":{"line":125,"column":5}},"58":{"start":{"line":118,"column":21},"end":{"line":118,"column":59}},"59":{"start":{"line":119,"column":6},"end":{"line":121,"column":7}},"60":{"start":{"line":120,"column":8},"end":{"line":120,"column":18}},"61":{"start":{"line":122,"column":6},"end":{"line":122,"column":25}},"62":{"start":{"line":124,"column":6},"end":{"line":124,"column":64}},"63":{"start":{"line":129,"column":4},"end":{"line":148,"column":5}},"64":{"start":{"line":130,"column":6},"end":{"line":130,"column":20}},"65":{"start":{"line":131,"column":6},"end":{"line":131,"column":25}},"66":{"start":{"line":132,"column":6},"end":{"line":134,"column":8}},"67":{"start":{"line":136,"column":6},"end":{"line":136,"column":19}},"68":{"start":{"line":137,"column":6},"end":{"line":147,"column":11}},"69":{"start":{"line":142,"column":10},"end":{"line":142,"column":47}},"70":{"start":{"line":145,"column":10},"end":{"line":145,"column":53}},"71":{"start":{"line":151,"column":2},"end":{"line":217,"column":4}},"72":{"start":{"line":171,"column":42},"end":{"line":171,"column":57}},"73":{"start":{"line":201,"column":48},"end":{"line":201,"column":66}}},"fnMap":{"0":{"name":"ModalRating","decl":{"start":{"line":14,"column":24},"end":{"line":14,"column":35}},"loc":{"start":{"line":20,"column":3},"end":{"line":218,"column":1}},"line":20},"1":{"name":"(anonymous_1)","decl":{"start":{"line":26,"column":12},"end":{"line":26,"column":13}},"loc":{"start":{"line":26,"column":18},"end":{"line":28,"column":3}},"line":26},"2":{"name":"(anonymous_2)","decl":{"start":{"line":30,"column":12},"end":{"line":30,"column":13}},"loc":{"start":{"line":30,"column":18},"end":{"line":49,"column":3}},"line":30},"3":{"name":"validateRate","decl":{"start":{"line":51,"column":11},"end":{"line":51,"column":23}},"loc":{"start":{"line":51,"column":30},"end":{"line":58,"column":3}},"line":51},"4":{"name":"(anonymous_4)","decl":{"start":{"line":60,"column":12},"end":{"line":60,"column":13}},"loc":{"start":{"line":60,"column":18},"end":{"line":114,"column":3}},"line":60},"5":{"name":"pegarSessionId","decl":{"start":{"line":116,"column":17},"end":{"line":116,"column":31}},"loc":{"start":{"line":116,"column":34},"end":{"line":126,"column":3}},"line":116},"6":{"name":"sendRating","decl":{"start":{"line":128,"column":17},"end":{"line":128,"column":27}},"loc":{"start":{"line":128,"column":34},"end":{"line":149,"column":3}},"line":128},"7":{"name":"(anonymous_7)","decl":{"start":{"line":141,"column":14},"end":{"line":141,"column":15}},"loc":{"start":{"line":141,"column":26},"end":{"line":143,"column":9}},"line":141},"8":{"name":"(anonymous_8)","decl":{"start":{"line":144,"column":15},"end":{"line":144,"column":16}},"loc":{"start":{"line":144,"column":24},"end":{"line":147,"column":9}},"line":144},"9":{"name":"(anonymous_9)","decl":{"start":{"line":171,"column":34},"end":{"line":171,"column":35}},"loc":{"start":{"line":171,"column":42},"end":{"line":171,"column":57}},"line":171},"10":{"name":"(anonymous_10)","decl":{"start":{"line":201,"column":42},"end":{"line":201,"column":43}},"loc":{"start":{"line":201,"column":48},"end":{"line":201,"column":66}},"line":201}},"branchMap":{"0":{"loc":{"start":{"line":31,"column":4},"end":{"line":48,"column":5}},"type":"switch","locations":[{"start":{"line":32,"column":6},"end":{"line":36,"column":14}},{"start":{"line":37,"column":6},"end":{"line":41,"column":14}},{"start":{"line":42,"column":6},"end":{"line":47,"column":14}}],"line":31},"1":{"loc":{"start":{"line":53,"column":4},"end":{"line":57,"column":5}},"type":"if","locations":[{"start":{"line":53,"column":4},"end":{"line":57,"column":5}},{"start":{"line":55,"column":11},"end":{"line":57,"column":5}}],"line":53},"2":{"loc":{"start":{"line":61,"column":4},"end":{"line":63,"column":5}},"type":"if","locations":[{"start":{"line":61,"column":4},"end":{"line":63,"column":5}},{"start":{},"end":{}}],"line":61},"3":{"loc":{"start":{"line":64,"column":4},"end":{"line":84,"column":5}},"type":"if","locations":[{"start":{"line":64,"column":4},"end":{"line":84,"column":5}},{"start":{"line":70,"column":11},"end":{"line":84,"column":5}}],"line":64},"4":{"loc":{"start":{"line":70,"column":11},"end":{"line":84,"column":5}},"type":"if","locations":[{"start":{"line":70,"column":11},"end":{"line":84,"column":5}},{"start":{},"end":{}}],"line":70},"5":{"loc":{"start":{"line":71,"column":6},"end":{"line":83,"column":7}},"type":"if","locations":[{"start":{"line":71,"column":6},"end":{"line":83,"column":7}},{"start":{"line":75,"column":13},"end":{"line":83,"column":7}}],"line":71},"6":{"loc":{"start":{"line":71,"column":10},"end":{"line":71,"column":67}},"type":"binary-expr","locations":[{"start":{"line":71,"column":10},"end":{"line":71,"column":27}},{"start":{"line":71,"column":31},"end":{"line":71,"column":47}},{"start":{"line":71,"column":51},"end":{"line":71,"column":67}}],"line":71},"7":{"loc":{"start":{"line":75,"column":13},"end":{"line":83,"column":7}},"type":"if","locations":[{"start":{"line":75,"column":13},"end":{"line":83,"column":7}},{"start":{},"end":{}}],"line":75},"8":{"loc":{"start":{"line":76,"column":8},"end":{"line":79,"column":25}},"type":"binary-expr","locations":[{"start":{"line":76,"column":8},"end":{"line":76,"column":25}},{"start":{"line":77,"column":8},"end":{"line":77,"column":24}},{"start":{"line":78,"column":8},"end":{"line":78,"column":25}},{"start":{"line":79,"column":8},"end":{"line":79,"column":25}}],"line":76},"9":{"loc":{"start":{"line":85,"column":4},"end":{"line":94,"column":5}},"type":"if","locations":[{"start":{"line":85,"column":4},"end":{"line":94,"column":5}},{"start":{},"end":{}}],"line":85},"10":{"loc":{"start":{"line":86,"column":6},"end":{"line":88,"column":7}},"type":"if","locations":[{"start":{"line":86,"column":6},"end":{"line":88,"column":7}},{"start":{},"end":{}}],"line":86},"11":{"loc":{"start":{"line":89,"column":6},"end":{"line":91,"column":7}},"type":"if","locations":[{"start":{"line":89,"column":6},"end":{"line":91,"column":7}},{"start":{},"end":{}}],"line":89},"12":{"loc":{"start":{"line":89,"column":10},"end":{"line":89,"column":42}},"type":"binary-expr","locations":[{"start":{"line":89,"column":10},"end":{"line":89,"column":24}},{"start":{"line":89,"column":28},"end":{"line":89,"column":42}}],"line":89},"13":{"loc":{"start":{"line":96,"column":4},"end":{"line":99,"column":5}},"type":"if","locations":[{"start":{"line":96,"column":4},"end":{"line":99,"column":5}},{"start":{},"end":{}}],"line":96},"14":{"loc":{"start":{"line":96,"column":8},"end":{"line":96,"column":62}},"type":"binary-expr","locations":[{"start":{"line":96,"column":8},"end":{"line":96,"column":24}},{"start":{"line":96,"column":28},"end":{"line":96,"column":41}},{"start":{"line":96,"column":45},"end":{"line":96,"column":62}}],"line":96},"15":{"loc":{"start":{"line":101,"column":4},"end":{"line":107,"column":5}},"type":"if","locations":[{"start":{"line":101,"column":4},"end":{"line":107,"column":5}},{"start":{},"end":{}}],"line":101},"16":{"loc":{"start":{"line":109,"column":4},"end":{"line":113,"column":5}},"type":"if","locations":[{"start":{"line":109,"column":4},"end":{"line":113,"column":5}},{"start":{},"end":{}}],"line":109},"17":{"loc":{"start":{"line":119,"column":6},"end":{"line":121,"column":7}},"type":"if","locations":[{"start":{"line":119,"column":6},"end":{"line":121,"column":7}},{"start":{},"end":{}}],"line":119},"18":{"loc":{"start":{"line":129,"column":4},"end":{"line":148,"column":5}},"type":"if","locations":[{"start":{"line":129,"column":4},"end":{"line":148,"column":5}},{"start":{"line":135,"column":11},"end":{"line":148,"column":5}}],"line":129},"19":{"loc":{"start":{"line":129,"column":8},"end":{"line":129,"column":44}},"type":"binary-expr","locations":[{"start":{"line":129,"column":8},"end":{"line":129,"column":25}},{"start":{"line":129,"column":29},"end":{"line":129,"column":44}}],"line":129},"20":{"loc":{"start":{"line":158,"column":11},"end":{"line":213,"column":11}},"type":"cond-expr","locations":[{"start":{"line":159,"column":12},"end":{"line":159,"column":75}},{"start":{"line":160,"column":14},"end":{"line":213,"column":11}}],"line":158},"21":{"loc":{"start":{"line":160,"column":14},"end":{"line":213,"column":11}},"type":"cond-expr","locations":[{"start":{"line":161,"column":12},"end":{"line":163,"column":23}},{"start":{"line":165,"column":12},"end":{"line":212,"column":15}}],"line":160},"22":{"loc":{"start":{"line":160,"column":14},"end":{"line":160,"column":43}},"type":"binary-expr","locations":[{"start":{"line":160,"column":14},"end":{"line":160,"column":27}},{"start":{"line":160,"column":31},"end":{"line":160,"column":43}}],"line":160},"23":{"loc":{"start":{"line":174,"column":31},"end":{"line":174,"column":51}},"type":"cond-expr","locations":[{"start":{"line":174,"column":46},"end":{"line":174,"column":47}},{"start":{"line":174,"column":50},"end":{"line":174,"column":51}}],"line":174},"24":{"loc":{"start":{"line":184,"column":20},"end":{"line":188,"column":29}},"type":"cond-expr","locations":[{"start":{"line":185,"column":24},"end":{"line":185,"column":31}},{"start":{"line":186,"column":24},"end":{"line":188,"column":29}}],"line":184},"25":{"loc":{"start":{"line":184,"column":20},"end":{"line":184,"column":49}},"type":"binary-expr","locations":[{"start":{"line":184,"column":20},"end":{"line":184,"column":33}},{"start":{"line":184,"column":37},"end":{"line":184,"column":49}}],"line":184},"26":{"loc":{"start":{"line":186,"column":24},"end":{"line":188,"column":29}},"type":"cond-expr","locations":[{"start":{"line":187,"column":24},"end":{"line":187,"column":33}},{"start":{"line":188,"column":24},"end":{"line":188,"column":29}}],"line":186},"27":{"loc":{"start":{"line":201,"column":27},"end":{"line":201,"column":73}},"type":"cond-expr","locations":[{"start":{"line":201,"column":42},"end":{"line":201,"column":66}},{"start":{"line":201,"column":69},"end":{"line":201,"column":73}}],"line":201},"28":{"loc":{"start":{"line":204,"column":38},"end":{"line":204,"column":69}},"type":"cond-expr","locations":[{"start":{"line":204,"column":53},"end":{"line":204,"column":60}},{"start":{"line":204,"column":63},"end":{"line":204,"column":69}}],"line":204}},"s":{"0":0,"1":0,"2":0,"3":0,"4":0,"5":0,"6":0,"7":0,"8":0,"9":0,"10":0,"11":0,"12":0,"13":0,"14":0,"15":0,"16":0,"17":0,"18":0,"19":0,"20":0,"21":0,"22":0,"23":0,"24":0,"25":0,"26":0,"27":0,"28":0,"29":0,"30":0,"31":0,"32":0,"33":0,"34":0,"35":0,"36":0,"37":0,"38":0,"39":0,"40":0,"41":0,"42":0,"43":0,"44":0,"45":0,"46":0,"47":0,"48":0,"49":0,"50":0,"51":0,"52":0,"53":0,"54":0,"55":0,"56":0,"57":0,"58":0,"59":0,"60":0,"61":0,"62":0,"63":0,"64":0,"65":0,"66":0,"67":0,"68":0,"69":0,"70":0,"71":0,"72":0,"73":0},"f":{"0":0,"1":0,"2":0,"3":0,"4":0,"5":0,"6":0,"7":0,"8":0,"9":0,"10":0},"b":{"0":[0,0,0],"1":[0,0],"2":[0,0],"3":[0,0],"4":[0,0],"5":[0,0],"6":[0,0,0],"7":[0,0],"8":[0,0,0,0],"9":[0,0],"10":[0,0],"11":[0,0],"12":[0,0],"13":[0,0],"14":[0,0,0],"15":[0,0],"16":[0,0],"17":[0,0],"18":[0,0],"19":[0,0],"20":[0,0],"21":[0,0],"22":[0,0],"23":[0,0],"24":[0,0],"25":[0,0],"26":[0,0],"27":[0,0],"28":[0,0]},"_coverageSchema":"1a1c01bbd47fc00a2c39e90264f33305004495a9","hash":"ad663611948b03868e82aa6186cd965f52ba6280"}
,"D:\\AndroidProjetos\\CompassoFlix\\src\\components\\ModalRating\\style.js": {"path":"D:\\AndroidProjetos\\CompassoFlix\\src\\components\\ModalRating\\style.js","statementMap":{"0":{"start":{"line":3,"column":15},"end":{"line":69,"column":2}}},"fnMap":{},"branchMap":{},"s":{"0":1},"f":{},"b":{},"_coverageSchema":"1a1c01bbd47fc00a2c39e90264f33305004495a9","hash":"3fc6bce31e45d2a9717ad18ec8282021b162a755"}
,"D:\\AndroidProjetos\\CompassoFlix\\src\\components\\Text\\index.js": {"path":"D:\\AndroidProjetos\\CompassoFlix\\src\\components\\Text\\index.js","statementMap":{"0":{"start":{"line":11,"column":2},"end":{"line":19,"column":4}},"1":{"start":{"line":29,"column":2},"end":{"line":37,"column":4}},"2":{"start":{"line":47,"column":2},"end":{"line":55,"column":4}}},"fnMap":{"0":{"name":"TextRegular","decl":{"start":{"line":4,"column":16},"end":{"line":4,"column":27}},"loc":{"start":{"line":10,"column":3},"end":{"line":20,"column":1}},"line":10},"1":{"name":"TextSemiBold","decl":{"start":{"line":22,"column":16},"end":{"line":22,"column":28}},"loc":{"start":{"line":28,"column":3},"end":{"line":38,"column":1}},"line":28},"2":{"name":"TextBold","decl":{"start":{"line":40,"column":16},"end":{"line":40,"column":24}},"loc":{"start":{"line":46,"column":3},"end":{"line":56,"column":1}},"line":46}},"branchMap":{},"s":{"0":83,"1":0,"2":52},"f":{"0":83,"1":0,"2":52},"b":{},"_coverageSchema":"1a1c01bbd47fc00a2c39e90264f33305004495a9","hash":"3a0ee86f600dbdd07377c3d69b4bdaab3683f1dd"}
,"D:\\AndroidProjetos\\CompassoFlix\\src\\mocks\\Details.js": {"path":"D:\\AndroidProjetos\\CompassoFlix\\src\\mocks\\Details.js","statementMap":{"0":{"start":{"line":1,"column":31},"end":{"line":1,"column":73}},"1":{"start":{"line":2,"column":29},"end":{"line":2,"column":38}},"2":{"start":{"line":3,"column":20},"end":{"line":3,"column":33}},"3":{"start":{"line":4,"column":23},"end":{"line":4,"column":36}},"4":{"start":{"line":5,"column":27},"end":{"line":5,"column":42}},"5":{"start":{"line":6,"column":19},"end":{"line":6,"column":24}}},"fnMap":{},"branchMap":{},"s":{"0":1,"1":1,"2":1,"3":1,"4":1,"5":1},"f":{},"b":{},"_coverageSchema":"1a1c01bbd47fc00a2c39e90264f33305004495a9","hash":"d6b7c613d09452fcd2522394a655c06427045816"}
,"D:\\AndroidProjetos\\CompassoFlix\\src\\mocks\\filmsDetails.js": {"path":"D:\\AndroidProjetos\\CompassoFlix\\src\\mocks\\filmsDetails.js","statementMap":{"0":{"start":{"line":1,"column":25},"end":{"line":9,"column":1}}},"fnMap":{},"branchMap":{},"s":{"0":1},"f":{},"b":{},"_coverageSchema":"1a1c01bbd47fc00a2c39e90264f33305004495a9","hash":"936a3da9bb0a898586ff678261bdfdf68187f08a"}
,"D:\\AndroidProjetos\\CompassoFlix\\src\\mocks\\seriesDetails.js": {"path":"D:\\AndroidProjetos\\CompassoFlix\\src\\mocks\\seriesDetails.js","statementMap":{"0":{"start":{"line":1,"column":26},"end":{"line":6,"column":1}}},"fnMap":{},"branchMap":{},"s":{"0":1},"f":{},"b":{},"_coverageSchema":"1a1c01bbd47fc00a2c39e90264f33305004495a9","hash":"cf86e9c8a730be8da3db3cc360bcb414512d59aa"}
,"D:\\AndroidProjetos\\CompassoFlix\\src\\screens\\WatchScreen\\index.js": {"path":"D:\\AndroidProjetos\\CompassoFlix\\src\\screens\\WatchScreen\\index.js","statementMap":{"0":{"start":{"line":6,"column":34},"end":{"line":6,"column":46}},"1":{"start":{"line":7,"column":38},"end":{"line":7,"column":73}},"2":{"start":{"line":8,"column":32},"end":{"line":8,"column":47}},"3":{"start":{"line":10,"column":19},"end":{"line":17,"column":3}},"4":{"start":{"line":11,"column":4},"end":{"line":16,"column":5}},"5":{"start":{"line":12,"column":18},"end":{"line":12,"column":70}},"6":{"start":{"line":13,"column":6},"end":{"line":13,"column":74}},"7":{"start":{"line":13,"column":48},"end":{"line":13,"column":71}},"8":{"start":{"line":15,"column":6},"end":{"line":15,"column":49}},"9":{"start":{"line":19,"column":22},"end":{"line":26,"column":3}},"10":{"start":{"line":20,"column":4},"end":{"line":25,"column":5}},"11":{"start":{"line":21,"column":19},"end":{"line":21,"column":54}},"12":{"start":{"line":22,"column":6},"end":{"line":22,"column":64}},"13":{"start":{"line":24,"column":6},"end":{"line":24,"column":48}},"14":{"start":{"line":28,"column":2},"end":{"line":31,"column":17}},"15":{"start":{"line":29,"column":4},"end":{"line":29,"column":31}},"16":{"start":{"line":29,"column":24},"end":{"line":29,"column":31}},"17":{"start":{"line":30,"column":4},"end":{"line":30,"column":18}},"18":{"start":{"line":33,"column":2},"end":{"line":35,"column":11}},"19":{"start":{"line":34,"column":4},"end":{"line":34,"column":15}},"20":{"start":{"line":37,"column":24},"end":{"line":41,"column":8}},"21":{"start":{"line":38,"column":4},"end":{"line":40,"column":5}},"22":{"start":{"line":39,"column":6},"end":{"line":39,"column":24}},"23":{"start":{"line":43,"column":2},"end":{"line":51,"column":4}}},"fnMap":{"0":{"name":"WatchScreen","decl":{"start":{"line":5,"column":24},"end":{"line":5,"column":35}},"loc":{"start":{"line":5,"column":42},"end":{"line":52,"column":1}},"line":5},"1":{"name":"(anonymous_1)","decl":{"start":{"line":10,"column":19},"end":{"line":10,"column":20}},"loc":{"start":{"line":10,"column":31},"end":{"line":17,"column":3}},"line":10},"2":{"name":"(anonymous_2)","decl":{"start":{"line":13,"column":40},"end":{"line":13,"column":41}},"loc":{"start":{"line":13,"column":48},"end":{"line":13,"column":71}},"line":13},"3":{"name":"(anonymous_3)","decl":{"start":{"line":19,"column":22},"end":{"line":19,"column":23}},"loc":{"start":{"line":19,"column":34},"end":{"line":26,"column":3}},"line":19},"4":{"name":"(anonymous_4)","decl":{"start":{"line":28,"column":12},"end":{"line":28,"column":13}},"loc":{"start":{"line":28,"column":18},"end":{"line":31,"column":3}},"line":28},"5":{"name":"(anonymous_5)","decl":{"start":{"line":33,"column":12},"end":{"line":33,"column":13}},"loc":{"start":{"line":33,"column":18},"end":{"line":35,"column":3}},"line":33},"6":{"name":"(anonymous_6)","decl":{"start":{"line":37,"column":36},"end":{"line":37,"column":37}},"loc":{"start":{"line":37,"column":45},"end":{"line":41,"column":3}},"line":37}},"branchMap":{"0":{"loc":{"start":{"line":29,"column":4},"end":{"line":29,"column":31}},"type":"if","locations":[{"start":{"line":29,"column":4},"end":{"line":29,"column":31}},{"start":{},"end":{}}],"line":29},"1":{"loc":{"start":{"line":38,"column":4},"end":{"line":40,"column":5}},"type":"if","locations":[{"start":{"line":38,"column":4},"end":{"line":40,"column":5}},{"start":{},"end":{}}],"line":38}},"s":{"0":2,"1":2,"2":2,"3":2,"4":2,"5":2,"6":2,"7":0,"8":2,"9":2,"10":0,"11":0,"12":0,"13":0,"14":2,"15":2,"16":2,"17":0,"18":2,"19":2,"20":2,"21":0,"22":0,"23":2},"f":{"0":2,"1":2,"2":0,"3":0,"4":2,"5":2,"6":0},"b":{"0":[2,0],"1":[0,0]},"_coverageSchema":"1a1c01bbd47fc00a2c39e90264f33305004495a9","hash":"4006719af12d6aad1eadb36ae7fa5d155492728d"}
,"D:\\AndroidProjetos\\CompassoFlix\\src\\service\\api.js": {"path":"D:\\AndroidProjetos\\CompassoFlix\\src\\service\\api.js","statementMap":{"0":{"start":{"line":4,"column":19},"end":{"line":6,"column":2}},"1":{"start":{"line":8,"column":0},"end":{"line":8,"column":24}},"2":{"start":{"line":9,"column":0},"end":{"line":9,"column":70}},"3":{"start":{"line":11,"column":24},"end":{"line":13,"column":2}}},"fnMap":{},"branchMap":{},"s":{"0":1,"1":1,"2":1,"3":1},"f":{},"b":{},"_coverageSchema":"1a1c01bbd47fc00a2c39e90264f33305004495a9","hash":"3e1e29fd76c57416049fdce59562234288b988e6"}
}
