TN:
SF:src\components\HeaderDetails\index.js
FN:18,(anonymous_0)
FN:34,(anonymous_1)
FN:37,(anonymous_2)
FN:43,(anonymous_3)
FN:46,(anonymous_4)
FN:47,(anonymous_5)
FN:50,after
FN:55,(anonymous_7)
FN:61,(anonymous_8)
FN:62,(anonymous_9)
FN:65,(anonymous_10)
FN:68,(anonymous_11)
FN:110,(anonymous_12)
FN:124,(anonymous_13)
FN:127,(anonymous_14)
FN:130,(anonymous_15)
FN:199,(anonymous_16)
FNF:17
FNH:8
FNDA:17,(anonymous_0)
FNDA:1,(anonymous_1)
FNDA:2,(anonymous_2)
FNDA:14,(anonymous_3)
FNDA:0,(anonymous_4)
FNDA:0,(anonymous_5)
FNDA:0,after
FNDA:14,(anonymous_7)
FNDA:15,(anonymous_8)
FNDA:1,(anonymous_9)
FNDA:14,(anonymous_10)
FNDA:0,(anonymous_11)
FNDA:0,(anonymous_12)
FNDA:0,(anonymous_13)
FNDA:0,(anonymous_14)
FNDA:0,(anonymous_15)
FNDA:0,(anonymous_16)
DA:16,1
DA:32,17
DA:33,17
DA:34,17
DA:35,17
DA:36,17
DA:37,2
DA:40,17
DA:41,17
DA:43,17
DA:44,14
DA:46,0
DA:47,0
DA:51,0
DA:52,0
DA:55,17
DA:56,14
DA:57,14
DA:58,14
DA:61,17
DA:62,15
DA:65,17
DA:66,14
DA:67,0
DA:68,0
DA:72,17
DA:110,0
DA:124,0
DA:127,0
DA:199,0
LF:30
LH:20
BRDA:45,0,0,2
BRDA:45,0,1,12
BRDA:66,1,0,0
BRDA:66,1,1,14
BRDA:74,2,0,17
BRDA:74,2,1,2
BRDA:108,3,0,0
BRDA:108,3,1,17
BRDA:112,4,0,0
BRDA:112,4,1,17
BRDA:114,5,0,0
BRDA:114,5,1,0
BRDA:120,6,0,0
BRDA:120,6,1,17
BRDA:128,7,0,0
BRDA:128,7,1,0
BRDA:129,8,0,0
BRDA:129,8,1,0
BRDA:144,9,0,17
BRDA:144,9,1,0
BRDA:153,10,0,17
BRDA:153,10,1,1
BRDA:164,11,0,2
BRDA:164,11,1,15
BRDA:165,12,0,0
BRDA:165,12,1,2
BRDA:168,13,0,3
BRDA:168,13,1,12
BRDA:178,14,0,17
BRDA:178,14,1,15
BRDA:188,15,0,2
BRDA:188,15,1,15
BRDA:189,16,0,2
BRDA:189,16,1,1
BRDA:190,17,0,15
BRDA:190,17,1,14
BRDA:197,18,0,2
BRDA:197,18,1,15
BRF:38
BRH:26
end_of_record
TN:
SF:src\components\HeaderDetails\style.js
FN:6,relativeHeight
FN:9,relativeWidth
FNF:2
FNH:2
FNDA:12,relativeHeight
FNDA:14,relativeWidth
DA:3,1
DA:4,1
DA:7,12
DA:10,14
DA:13,1
DA:24,1
DA:32,1
LF:7
LH:7
BRF:0
BRH:0
end_of_record
TN:
SF:src\components\HeaderDetails\tansformInAround.js
FN:1,transformInAround
FNF:1
FNH:1
FNDA:17,transformInAround
DA:2,17
DA:3,17
DA:4,17
DA:5,0
DA:6,17
DA:7,1
DA:8,1
DA:9,16
DA:10,0
DA:11,16
DA:12,0
DA:14,16
LF:12
LH:9
BRDA:4,0,0,0
BRDA:4,0,1,17
BRDA:6,1,0,1
BRDA:6,1,1,16
BRDA:8,2,0,1
BRDA:8,2,1,0
BRDA:9,3,0,0
BRDA:9,3,1,16
BRDA:10,4,0,0
BRDA:10,4,1,0
BRDA:11,5,0,0
BRDA:11,5,1,16
BRDA:12,6,0,0
BRDA:12,6,1,0
BRF:14
BRH:6
end_of_record
TN:
SF:src\components\HeaderDetails\ImgWindow\index.js
FN:9,ImgWindow
FNF:1
FNH:1
FNDA:2,ImgWindow
DA:7,1
DA:10,2
LF:2
LH:2
BRF:0
BRH:0
end_of_record
TN:
SF:src\components\HeaderDetails\ImgWindow\style.js
FNF:0
FNH:0
DA:3,1
LF:1
LH:1
BRF:0
BRH:0
end_of_record
TN:
SF:src\components\HeaderDetails\Modal's\ModalConfirmedAdd\index.js
FN:7,ModalConfirmedAdd
FN:13,(anonymous_1)
FN:18,(anonymous_2)
FNF:3
FNH:1
FNDA:17,ModalConfirmedAdd
FNDA:0,(anonymous_1)
FNDA:0,(anonymous_2)
DA:8,17
DA:13,0
DA:18,0
LF:3
LH:1
BRF:0
BRH:0
end_of_record
TN:
SF:src\components\HeaderDetails\Modal's\ModalConfirmedAdd\style.js
FNF:0
FNH:0
DA:3,1
DA:13,1
LF:2
LH:2
BRF:0
BRH:0
end_of_record
TN:
SF:src\components\HeaderDetails\Modal's\ModalList\index.js
FN:10,ModalLists
FN:19,(anonymous_1)
FN:30,(anonymous_2)
FN:39,(anonymous_3)
FN:42,(anonymous_4)
FN:45,(anonymous_5)
FN:50,(anonymous_6)
FN:54,(anonymous_7)
FN:57,(anonymous_8)
FN:62,SelectList
FN:64,(anonymous_10)
FN:72,(anonymous_11)
FN:75,(anonymous_12)
FN:78,(anonymous_13)
FN:83,(anonymous_14)
FN:92,(anonymous_15)
FN:96,(anonymous_16)
FN:102,(anonymous_17)
FN:104,(anonymous_18)
FN:108,(anonymous_19)
FN:117,(anonymous_20)
FNF:21
FNH:6
FNDA:17,ModalLists
FNDA:14,(anonymous_1)
FNDA:0,(anonymous_2)
FNDA:14,(anonymous_3)
FNDA:0,(anonymous_4)
FNDA:0,(anonymous_5)
FNDA:0,(anonymous_6)
FNDA:0,(anonymous_7)
FNDA:14,(anonymous_8)
FNDA:0,SelectList
FNDA:0,(anonymous_10)
FNDA:17,(anonymous_11)
FNDA:0,(anonymous_12)
FNDA:0,(anonymous_13)
FNDA:17,(anonymous_14)
FNDA:0,(anonymous_15)
FNDA:0,(anonymous_16)
FNDA:0,(anonymous_17)
FNDA:0,(anonymous_18)
FNDA:0,(anonymous_19)
FNDA:0,(anonymous_20)
DA:12,17
DA:13,17
DA:14,17
DA:15,17
DA:16,17
DA:17,17
DA:19,17
DA:20,14
DA:21,14
DA:22,14
DA:23,0
DA:26,0
DA:30,17
DA:31,0
DA:32,0
DA:33,0
DA:35,0
DA:39,17
DA:40,14
DA:43,0
DA:46,0
DA:50,17
DA:51,0
DA:54,0
DA:57,17
DA:58,14
DA:59,14
DA:63,0
DA:64,0
DA:65,0
DA:68,0
DA:72,17
DA:73,17
DA:76,0
DA:79,0
DA:83,17
DA:84,17
DA:87,17
DA:92,0
DA:96,0
DA:102,0
DA:105,0
DA:108,0
DA:117,0
LF:44
LH:22
BRDA:22,0,0,0
BRDA:22,0,1,14
BRDA:63,1,0,0
BRDA:63,1,1,0
BRDA:65,2,0,0
BRDA:65,2,1,0
BRDA:109,3,0,0
BRDA:109,3,1,0
BRDA:115,4,0,0
BRDA:115,4,1,17
BRDA:116,5,0,0
BRDA:116,5,1,17
BRF:12
BRH:3
end_of_record
TN:
SF:src\components\HeaderDetails\Modal's\ModalList\style.js
FNF:0
FNH:0
DA:3,1
DA:12,1
DA:21,1
DA:26,1
DA:31,1
DA:38,1
DA:49,1
DA:61,1
LF:8
LH:8
BRF:0
BRH:0
end_of_record
TN:
SF:src\components\ModalRating\index.js
FN:14,ModalRating
FN:26,(anonymous_1)
FN:30,(anonymous_2)
FN:51,validateRate
FN:60,(anonymous_4)
FN:116,pegarSessionId
FN:128,sendRating
FN:141,(anonymous_7)
FN:144,(anonymous_8)
FN:171,(anonymous_9)
FN:201,(anonymous_10)
FNF:11
FNH:0
FNDA:0,ModalRating
FNDA:0,(anonymous_1)
FNDA:0,(anonymous_2)
FNDA:0,validateRate
FNDA:0,(anonymous_4)
FNDA:0,pegarSessionId
FNDA:0,sendRating
FNDA:0,(anonymous_7)
FNDA:0,(anonymous_8)
FNDA:0,(anonymous_9)
FNDA:0,(anonymous_10)
DA:21,0
DA:22,0
DA:23,0
DA:24,0
DA:25,0
DA:26,0
DA:27,0
DA:30,0
DA:31,0
DA:33,0
DA:34,0
DA:35,0
DA:36,0
DA:38,0
DA:39,0
DA:40,0
DA:41,0
DA:43,0
DA:44,0
DA:47,0
DA:52,0
DA:53,0
DA:54,0
DA:56,0
DA:60,0
DA:61,0
DA:62,0
DA:64,0
DA:65,0
DA:66,0
DA:67,0
DA:70,0
DA:71,0
DA:72,0
DA:73,0
DA:74,0
DA:75,0
DA:81,0
DA:82,0
DA:85,0
DA:86,0
DA:87,0
DA:89,0
DA:90,0
DA:92,0
DA:93,0
DA:96,0
DA:97,0
DA:98,0
DA:101,0
DA:102,0
DA:103,0
DA:104,0
DA:109,0
DA:110,0
DA:111,0
DA:112,0
DA:117,0
DA:118,0
DA:119,0
DA:120,0
DA:122,0
DA:124,0
DA:129,0
DA:130,0
DA:131,0
DA:132,0
DA:136,0
DA:137,0
DA:142,0
DA:145,0
DA:151,0
DA:171,0
DA:201,0
LF:74
LH:0
BRDA:31,0,0,0
BRDA:31,0,1,0
BRDA:31,0,2,0
BRDA:53,1,0,0
BRDA:53,1,1,0
BRDA:61,2,0,0
BRDA:61,2,1,0
BRDA:64,3,0,0
BRDA:64,3,1,0
BRDA:70,4,0,0
BRDA:70,4,1,0
BRDA:71,5,0,0
BRDA:71,5,1,0
BRDA:71,6,0,0
BRDA:71,6,1,0
BRDA:71,6,2,0
BRDA:75,7,0,0
BRDA:75,7,1,0
BRDA:76,8,0,0
BRDA:76,8,1,0
BRDA:76,8,2,0
BRDA:76,8,3,0
BRDA:85,9,0,0
BRDA:85,9,1,0
BRDA:86,10,0,0
BRDA:86,10,1,0
BRDA:89,11,0,0
BRDA:89,11,1,0
BRDA:89,12,0,0
BRDA:89,12,1,0
BRDA:96,13,0,0
BRDA:96,13,1,0
BRDA:96,14,0,0
BRDA:96,14,1,0
BRDA:96,14,2,0
BRDA:101,15,0,0
BRDA:101,15,1,0
BRDA:109,16,0,0
BRDA:109,16,1,0
BRDA:119,17,0,0
BRDA:119,17,1,0
BRDA:129,18,0,0
BRDA:129,18,1,0
BRDA:129,19,0,0
BRDA:129,19,1,0
BRDA:158,20,0,0
BRDA:158,20,1,0
BRDA:160,21,0,0
BRDA:160,21,1,0
BRDA:160,22,0,0
BRDA:160,22,1,0
BRDA:174,23,0,0
BRDA:174,23,1,0
BRDA:184,24,0,0
BRDA:184,24,1,0
BRDA:184,25,0,0
BRDA:184,25,1,0
BRDA:186,26,0,0
BRDA:186,26,1,0
BRDA:201,27,0,0
BRDA:201,27,1,0
BRDA:204,28,0,0
BRDA:204,28,1,0
BRF:63
BRH:0
end_of_record
TN:
SF:src\components\ModalRating\style.js
FNF:0
FNH:0
DA:3,1
LF:1
LH:1
BRF:0
BRH:0
end_of_record
TN:
SF:src\components\Text\index.js
FN:4,TextRegular
FN:22,TextSemiBold
FN:40,TextBold
FNF:3
FNH:2
FNDA:83,TextRegular
FNDA:0,TextSemiBold
FNDA:52,TextBold
DA:11,83
DA:29,0
DA:47,52
LF:3
LH:2
BRF:0
BRH:0
end_of_record
TN:
SF:src\mocks\Details.js
FNF:0
FNH:0
DA:1,1
DA:2,1
DA:3,1
DA:4,1
DA:5,1
DA:6,1
LF:6
LH:6
BRF:0
BRH:0
end_of_record
TN:
SF:src\mocks\filmsDetails.js
FNF:0
FNH:0
DA:1,1
LF:1
LH:1
BRF:0
BRH:0
end_of_record
TN:
SF:src\mocks\seriesDetails.js
FNF:0
FNH:0
DA:1,1
LF:1
LH:1
BRF:0
BRH:0
end_of_record
TN:
SF:src\screens\WatchScreen\index.js
FN:5,WatchScreen
FN:10,(anonymous_1)
FN:13,(anonymous_2)
FN:19,(anonymous_3)
FN:28,(anonymous_4)
FN:33,(anonymous_5)
FN:37,(anonymous_6)
FNF:7
FNH:4
FNDA:2,WatchScreen
FNDA:2,(anonymous_1)
FNDA:0,(anonymous_2)
FNDA:0,(anonymous_3)
FNDA:2,(anonymous_4)
FNDA:2,(anonymous_5)
FNDA:0,(anonymous_6)
DA:6,2
DA:7,2
DA:8,2
DA:10,2
DA:11,2
DA:12,2
DA:13,2
DA:15,2
DA:19,2
DA:20,0
DA:21,0
DA:22,0
DA:24,0
DA:28,2
DA:29,2
DA:30,0
DA:33,2
DA:34,2
DA:37,2
DA:38,0
DA:39,0
DA:43,2
LF:22
LH:15
BRDA:29,0,0,2
BRDA:29,0,1,0
BRDA:38,1,0,0
BRDA:38,1,1,0
BRF:4
BRH:1
end_of_record
TN:
SF:src\service\api.js
FNF:0
FNH:0
DA:4,1
DA:8,1
DA:9,1
DA:11,1
LF:4
LH:4
BRF:0
BRH:0
end_of_record
